23-Nov-2023 08:01:21.455 INFO [main] org.apache.catalina.startup.VersionLoggerListener.log Server version name:   Apache Tomcat/9.0.82
23-Nov-2023 08:01:21.458 INFO [main] org.apache.catalina.startup.VersionLoggerListener.log Server built:          Oct 11 2023 13:15:08 UTC
23-Nov-2023 08:01:21.458 INFO [main] org.apache.catalina.startup.VersionLoggerListener.log Server version number: 9.0.82.0
23-Nov-2023 08:01:21.458 INFO [main] org.apache.catalina.startup.VersionLoggerListener.log OS Name:               Windows 11
23-Nov-2023 08:01:21.458 INFO [main] org.apache.catalina.startup.VersionLoggerListener.log OS Version:            10.0
23-Nov-2023 08:01:21.458 INFO [main] org.apache.catalina.startup.VersionLoggerListener.log Architecture:          amd64
23-Nov-2023 08:01:21.459 INFO [main] org.apache.catalina.startup.VersionLoggerListener.log Java Home:             C:\Program Files\Java\jdk1.8.0_331\jre
23-Nov-2023 08:01:21.459 INFO [main] org.apache.catalina.startup.VersionLoggerListener.log JVM Version:           1.8.0_331-b09
23-Nov-2023 08:01:21.459 INFO [main] org.apache.catalina.startup.VersionLoggerListener.log JVM Vendor:            Oracle Corporation
23-Nov-2023 08:01:21.459 INFO [main] org.apache.catalina.startup.VersionLoggerListener.log CATALINA_BASE:         D:\PTIT51\HDT\DoanTotNghiep\shop
23-Nov-2023 08:01:21.459 INFO [main] org.apache.catalina.startup.VersionLoggerListener.log CATALINA_HOME:         D:\PTIT51\HDT\Tomcat\apache-tomcat-9.0.82\apache-tomcat-9.0.82
23-Nov-2023 08:01:21.462 INFO [main] org.apache.catalina.startup.VersionLoggerListener.log Command line argument: -Dcatalina.home=D:\PTIT51\HDT\Tomcat\apache-tomcat-9.0.82\apache-tomcat-9.0.82
23-Nov-2023 08:01:21.462 INFO [main] org.apache.catalina.startup.VersionLoggerListener.log Command line argument: -Dcatalina.base=D:\PTIT51\HDT\DoanTotNghiep\shop
23-Nov-2023 08:01:21.462 INFO [main] org.apache.catalina.startup.VersionLoggerListener.log Command line argument: -Djava.io.tmpdir=D:\PTIT51\HDT\DoanTotNghiep\shop\temp
23-Nov-2023 08:01:21.462 INFO [main] org.apache.catalina.startup.VersionLoggerListener.log Command line argument: -Djava.util.logging.config.file=D:\PTIT51\HDT\DoanTotNghiep\shop\conf\logging.properties
23-Nov-2023 08:01:21.462 INFO [main] org.apache.catalina.startup.VersionLoggerListener.log Command line argument: -Djava.util.logging.manager=org.apache.juli.ClassLoaderLogManager
23-Nov-2023 08:01:21.463 INFO [main] org.apache.catalina.startup.VersionLoggerListener.log Command line argument: -javaagent:C:\Program Files\JetBrains\IntelliJ IDEA 2023.2.5\lib\idea_rt.jar=63741:C:\Program Files\JetBrains\IntelliJ IDEA 2023.2.5\bin
23-Nov-2023 08:01:21.463 INFO [main] org.apache.catalina.startup.VersionLoggerListener.log Command line argument: -Dfile.encoding=UTF-8
23-Nov-2023 08:01:21.468 INFO [main] org.apache.catalina.core.AprLifecycleListener.lifecycleEvent The Apache Tomcat Native library which allows using OpenSSL was not found on the java.library.path: [C:\Program Files\Java\jdk1.8.0_331\bin;C:\WINDOWS\Sun\Java\bin;C:\WINDOWS\system32;C:\WINDOWS;C:\Program Files\Common Files\Oracle\Java\javapath;C:\Windows\system32;C:\Windows;C:\Windows\System32\Wbem;C:\Windows\System32\WindowsPowerShell\v1.0\;C:\Windows\System32\OpenSSH\;C:\Program Files (x86)\NVIDIA Corporation\PhysX\Common;C:\Program Files\NVIDIA Corporation\NVIDIA NvDLISR;C:\Program Files\dotnet\;C:\Program Files\Java\jdk-18.0.2.1\bin;C:\WINDOWS\system32;C:\WINDOWS;C:\WINDOWS\System32\Wbem;C:\WINDOWS\System32\WindowsPowerShell\v1.0\;C:\WINDOWS\System32\OpenSSH\;C:\Program Files\Git\cmd;C:\Program Files (x86)\Microsoft SQL Server\160\Tools\Binn\;C:\Program Files\Microsoft SQL Server\160\Tools\Binn\;C:\Program Files\Microsoft SQL Server\Client SDK\ODBC\170\Tools\Binn\;C:\Program Files\Microsoft SQL Server\160\DTS\Binn\;C:\Program Files\nodejs\;C:\Program Files\Microsoft SQL Server\150\Tools\Binn\;C:\Program Files\Docker\Docker\resources\bin;C:\Program Files\Azure Data Studio\bin;C:\Program Files (x86)\Microsoft SQL Server\160\DTS\Binn\;C:\Program Files\MySQL\MySQL Shell 8.0\bin\;C:\Users\ADMIN\AppData\Local\Microsoft\WindowsApps;C:\Users\ADMIN\AppData\Local\Programs\Microsoft VS Code\bin;C:\Users\ADMIN\AppData\Local\GitHubDesktop\bin;C:\Users\ADMIN\AppData\Roaming\npm;C:\Users\ADMIN\.dotnet\tools;C:\Program Files\Azure Data Studio\bin;C:\Program Files\JetBrains\IntelliJ IDEA 2023.2.5\bin;;.]
23-Nov-2023 08:01:21.812 INFO [main] org.apache.coyote.AbstractProtocol.init Initializing ProtocolHandler ["http-nio-8090"]
23-Nov-2023 08:01:21.826 INFO [main] org.apache.catalina.startup.Catalina.load Server initialization in [560] milliseconds
23-Nov-2023 08:01:21.854 INFO [main] org.apache.catalina.core.StandardService.startInternal Starting service [Catalina]
23-Nov-2023 08:01:21.854 INFO [main] org.apache.catalina.core.StandardEngine.startInternal Starting Servlet engine: [Apache Tomcat/9.0.82]
23-Nov-2023 08:01:21.861 INFO [main] org.apache.catalina.startup.HostConfig.deployDescriptor Deploying deployment descriptor [D:\PTIT51\HDT\DoanTotNghiep\shop\conf\Catalina\localhost\ShopSmartPhone.xml]
23-Nov-2023 08:01:23.051 INFO [main] org.apache.jasper.servlet.TldScanner.scanJars At least one JAR was scanned for TLDs yet contained no TLDs. Enable debug logging for this logger for a complete list of JARs that were scanned but no TLDs were found in them. Skipping unneeded JARs during scanning can improve startup time and JSP compilation time.
23-Nov-2023 08:01:23.204 INFO [main] org.apache.catalina.startup.HostConfig.deployDescriptor Deployment of deployment descriptor [D:\PTIT51\HDT\DoanTotNghiep\shop\conf\Catalina\localhost\ShopSmartPhone.xml] has finished in [1,344] ms
23-Nov-2023 08:01:23.206 INFO [main] org.apache.coyote.AbstractProtocol.start Starting ProtocolHandler ["http-nio-8090"]
23-Nov-2023 08:01:23.220 INFO [main] org.apache.catalina.startup.Catalina.start Server startup in [1393] milliseconds
23-Nov-2023 09:43:07.860 INFO [Thread-2] org.apache.coyote.AbstractProtocol.pause Pausing ProtocolHandler ["http-nio-8090"]
23-Nov-2023 09:43:07.952 INFO [Thread-2] org.apache.catalina.core.StandardService.stopInternal Stopping service [Catalina]
23-Nov-2023 09:43:07.966 WARNING [Thread-2] org.apache.catalina.loader.WebappClassLoaderBase.clearReferencesJdbc The web application [ShopSmartPhone] registered the JDBC driver [com.microsoft.sqlserver.jdbc.SQLServerDriver] but failed to unregister it when the web application was stopped. To prevent a memory leak, the JDBC Driver has been forcibly unregistered.
23-Nov-2023 09:43:07.969 SEVERE [Thread-2] org.apache.catalina.loader.WebappClassLoaderBase.checkThreadLocalMapForLeaks The web application [ShopSmartPhone] created a ThreadLocal with key of type [com.microsoft.sqlserver.jdbc.ActivityCorrelator$1] (value [com.microsoft.sqlserver.jdbc.ActivityCorrelator$1@63ad664e]) and a value of type [com.microsoft.sqlserver.jdbc.ActivityId] (value [b05fc5a0-bf23-4870-ad48-d3b0f53bf706-18]) but failed to remove it when the web application was stopped. Threads are going to be renewed over time to try and avoid a probable memory leak.
23-Nov-2023 09:43:07.969 SEVERE [Thread-2] org.apache.catalina.loader.WebappClassLoaderBase.checkThreadLocalMapForLeaks The web application [ShopSmartPhone] created a ThreadLocal with key of type [com.microsoft.sqlserver.jdbc.ActivityCorrelator$1] (value [com.microsoft.sqlserver.jdbc.ActivityCorrelator$1@63ad664e]) and a value of type [com.microsoft.sqlserver.jdbc.ActivityId] (value [548eda91-0938-4bdf-afb1-b3d81518515d-14]) but failed to remove it when the web application was stopped. Threads are going to be renewed over time to try and avoid a probable memory leak.
23-Nov-2023 09:43:07.969 SEVERE [Thread-2] org.apache.catalina.loader.WebappClassLoaderBase.checkThreadLocalMapForLeaks The web application [ShopSmartPhone] created a ThreadLocal with key of type [com.microsoft.sqlserver.jdbc.ActivityCorrelator$1] (value [com.microsoft.sqlserver.jdbc.ActivityCorrelator$1@63ad664e]) and a value of type [com.microsoft.sqlserver.jdbc.ActivityId] (value [9d17a587-3055-4893-b40a-ed4aa5362ebe-6]) but failed to remove it when the web application was stopped. Threads are going to be renewed over time to try and avoid a probable memory leak.
23-Nov-2023 09:43:07.969 SEVERE [Thread-2] org.apache.catalina.loader.WebappClassLoaderBase.checkThreadLocalMapForLeaks The web application [ShopSmartPhone] created a ThreadLocal with key of type [com.microsoft.sqlserver.jdbc.ActivityCorrelator$1] (value [com.microsoft.sqlserver.jdbc.ActivityCorrelator$1@63ad664e]) and a value of type [com.microsoft.sqlserver.jdbc.ActivityId] (value [98af92ac-bebb-4ccb-bce7-2e3432a138b4-19]) but failed to remove it when the web application was stopped. Threads are going to be renewed over time to try and avoid a probable memory leak.
23-Nov-2023 09:43:07.969 SEVERE [Thread-2] org.apache.catalina.loader.WebappClassLoaderBase.checkThreadLocalMapForLeaks The web application [ShopSmartPhone] created a ThreadLocal with key of type [com.microsoft.sqlserver.jdbc.ActivityCorrelator$1] (value [com.microsoft.sqlserver.jdbc.ActivityCorrelator$1@63ad664e]) and a value of type [com.microsoft.sqlserver.jdbc.ActivityId] (value [38fcab2b-e904-46a4-8937-0917405e3b84-5]) but failed to remove it when the web application was stopped. Threads are going to be renewed over time to try and avoid a probable memory leak.
23-Nov-2023 09:43:07.969 SEVERE [Thread-2] org.apache.catalina.loader.WebappClassLoaderBase.checkThreadLocalMapForLeaks The web application [ShopSmartPhone] created a ThreadLocal with key of type [com.microsoft.sqlserver.jdbc.ActivityCorrelator$1] (value [com.microsoft.sqlserver.jdbc.ActivityCorrelator$1@63ad664e]) and a value of type [com.microsoft.sqlserver.jdbc.ActivityId] (value [2cc33a6a-4f95-4211-9aad-e152b31a2f4b-17]) but failed to remove it when the web application was stopped. Threads are going to be renewed over time to try and avoid a probable memory leak.
23-Nov-2023 09:43:07.970 SEVERE [Thread-2] org.apache.catalina.loader.WebappClassLoaderBase.checkThreadLocalMapForLeaks The web application [ShopSmartPhone] created a ThreadLocal with key of type [com.microsoft.sqlserver.jdbc.ActivityCorrelator$1] (value [com.microsoft.sqlserver.jdbc.ActivityCorrelator$1@63ad664e]) and a value of type [com.microsoft.sqlserver.jdbc.ActivityId] (value [453a4516-d518-4d33-973d-eba3757590ad-17]) but failed to remove it when the web application was stopped. Threads are going to be renewed over time to try and avoid a probable memory leak.
23-Nov-2023 09:43:07.979 SEVERE [Thread-2] org.apache.catalina.loader.WebappClassLoaderBase.checkThreadLocalMapForLeaks The web application [ShopSmartPhone] created a ThreadLocal with key of type [com.microsoft.sqlserver.jdbc.ActivityCorrelator$1] (value [com.microsoft.sqlserver.jdbc.ActivityCorrelator$1@63ad664e]) and a value of type [com.microsoft.sqlserver.jdbc.ActivityId] (value [0979b699-67c4-4e6d-ba1f-a996e8300be6-10]) but failed to remove it when the web application was stopped. Threads are going to be renewed over time to try and avoid a probable memory leak.
23-Nov-2023 09:43:07.979 SEVERE [Thread-2] org.apache.catalina.loader.WebappClassLoaderBase.checkThreadLocalMapForLeaks The web application [ShopSmartPhone] created a ThreadLocal with key of type [com.microsoft.sqlserver.jdbc.ActivityCorrelator$1] (value [com.microsoft.sqlserver.jdbc.ActivityCorrelator$1@63ad664e]) and a value of type [com.microsoft.sqlserver.jdbc.ActivityId] (value [7e88de23-a1f0-4bc5-9df9-98d352d868b7-7]) but failed to remove it when the web application was stopped. Threads are going to be renewed over time to try and avoid a probable memory leak.
23-Nov-2023 09:43:07.985 INFO [Thread-2] org.apache.coyote.AbstractProtocol.stop Stopping ProtocolHandler ["http-nio-8090"]
23-Nov-2023 09:43:07.999 INFO [Thread-2] org.apache.coyote.AbstractProtocol.destroy Destroying ProtocolHandler ["http-nio-8090"]
