22-Nov-2023 12:17:30.793 INFO [main] org.apache.catalina.startup.VersionLoggerListener.log Server version name:   Apache Tomcat/9.0.82
22-Nov-2023 12:17:30.795 INFO [main] org.apache.catalina.startup.VersionLoggerListener.log Server built:          Oct 11 2023 13:15:08 UTC
22-Nov-2023 12:17:30.795 INFO [main] org.apache.catalina.startup.VersionLoggerListener.log Server version number: 9.0.82.0
22-Nov-2023 12:17:30.795 INFO [main] org.apache.catalina.startup.VersionLoggerListener.log OS Name:               Windows 11
22-Nov-2023 12:17:30.795 INFO [main] org.apache.catalina.startup.VersionLoggerListener.log OS Version:            10.0
22-Nov-2023 12:17:30.795 INFO [main] org.apache.catalina.startup.VersionLoggerListener.log Architecture:          amd64
22-Nov-2023 12:17:30.795 INFO [main] org.apache.catalina.startup.VersionLoggerListener.log Java Home:             C:\Program Files\Java\jdk1.8.0_331\jre
22-Nov-2023 12:17:30.796 INFO [main] org.apache.catalina.startup.VersionLoggerListener.log JVM Version:           1.8.0_331-b09
22-Nov-2023 12:17:30.796 INFO [main] org.apache.catalina.startup.VersionLoggerListener.log JVM Vendor:            Oracle Corporation
22-Nov-2023 12:17:30.796 INFO [main] org.apache.catalina.startup.VersionLoggerListener.log CATALINA_BASE:         D:\PTIT51\HDT\DoanTotNghiep\shop
22-Nov-2023 12:17:30.796 INFO [main] org.apache.catalina.startup.VersionLoggerListener.log CATALINA_HOME:         D:\PTIT51\HDT\Tomcat\apache-tomcat-9.0.82\apache-tomcat-9.0.82
22-Nov-2023 12:17:30.799 INFO [main] org.apache.catalina.startup.VersionLoggerListener.log Command line argument: -Dcatalina.home=D:\PTIT51\HDT\Tomcat\apache-tomcat-9.0.82\apache-tomcat-9.0.82
22-Nov-2023 12:17:30.799 INFO [main] org.apache.catalina.startup.VersionLoggerListener.log Command line argument: -Dcatalina.base=D:\PTIT51\HDT\DoanTotNghiep\shop
22-Nov-2023 12:17:30.799 INFO [main] org.apache.catalina.startup.VersionLoggerListener.log Command line argument: -Djava.io.tmpdir=D:\PTIT51\HDT\DoanTotNghiep\shop\temp
22-Nov-2023 12:17:30.799 INFO [main] org.apache.catalina.startup.VersionLoggerListener.log Command line argument: -Djava.util.logging.config.file=D:\PTIT51\HDT\DoanTotNghiep\shop\conf\logging.properties
22-Nov-2023 12:17:30.799 INFO [main] org.apache.catalina.startup.VersionLoggerListener.log Command line argument: -Djava.util.logging.manager=org.apache.juli.ClassLoaderLogManager
22-Nov-2023 12:17:30.799 INFO [main] org.apache.catalina.startup.VersionLoggerListener.log Command line argument: -javaagent:C:\Program Files\JetBrains\IntelliJ IDEA 2023.2.5\lib\idea_rt.jar=57449:C:\Program Files\JetBrains\IntelliJ IDEA 2023.2.5\bin
22-Nov-2023 12:17:30.799 INFO [main] org.apache.catalina.startup.VersionLoggerListener.log Command line argument: -Dfile.encoding=UTF-8
22-Nov-2023 12:17:30.805 INFO [main] org.apache.catalina.core.AprLifecycleListener.lifecycleEvent The Apache Tomcat Native library which allows using OpenSSL was not found on the java.library.path: [C:\Program Files\Java\jdk1.8.0_331\bin;C:\WINDOWS\Sun\Java\bin;C:\WINDOWS\system32;C:\WINDOWS;C:\Program Files\Common Files\Oracle\Java\javapath;C:\Windows\system32;C:\Windows;C:\Windows\System32\Wbem;C:\Windows\System32\WindowsPowerShell\v1.0\;C:\Windows\System32\OpenSSH\;C:\Program Files (x86)\NVIDIA Corporation\PhysX\Common;C:\Program Files\NVIDIA Corporation\NVIDIA NvDLISR;C:\Program Files\dotnet\;C:\Program Files\Java\jdk-18.0.2.1\bin;C:\WINDOWS\system32;C:\WINDOWS;C:\WINDOWS\System32\Wbem;C:\WINDOWS\System32\WindowsPowerShell\v1.0\;C:\WINDOWS\System32\OpenSSH\;C:\Program Files\Git\cmd;C:\Program Files (x86)\Microsoft SQL Server\160\Tools\Binn\;C:\Program Files\Microsoft SQL Server\160\Tools\Binn\;C:\Program Files\Microsoft SQL Server\Client SDK\ODBC\170\Tools\Binn\;C:\Program Files\Microsoft SQL Server\160\DTS\Binn\;C:\Program Files\nodejs\;C:\Program Files\Microsoft SQL Server\150\Tools\Binn\;C:\Program Files\Docker\Docker\resources\bin;C:\Program Files\Azure Data Studio\bin;C:\Program Files (x86)\Microsoft SQL Server\160\DTS\Binn\;C:\Program Files\MySQL\MySQL Shell 8.0\bin\;C:\Users\ADMIN\AppData\Local\Microsoft\WindowsApps;C:\Users\ADMIN\AppData\Local\Programs\Microsoft VS Code\bin;C:\Users\ADMIN\AppData\Local\GitHubDesktop\bin;C:\Users\ADMIN\AppData\Roaming\npm;C:\Users\ADMIN\.dotnet\tools;C:\Program Files\Azure Data Studio\bin;C:\Program Files\JetBrains\IntelliJ IDEA 2023.2.5\bin;;.]
22-Nov-2023 12:17:31.187 INFO [main] org.apache.coyote.AbstractProtocol.init Initializing ProtocolHandler ["http-nio-8090"]
22-Nov-2023 12:17:31.214 INFO [main] org.apache.catalina.startup.Catalina.load Server initialization in [625] milliseconds
22-Nov-2023 12:17:31.269 INFO [main] org.apache.catalina.core.StandardService.startInternal Starting service [Catalina]
22-Nov-2023 12:17:31.269 INFO [main] org.apache.catalina.core.StandardEngine.startInternal Starting Servlet engine: [Apache Tomcat/9.0.82]
22-Nov-2023 12:17:31.279 INFO [main] org.apache.catalina.startup.HostConfig.deployDescriptor Deploying deployment descriptor [D:\PTIT51\HDT\DoanTotNghiep\shop\conf\Catalina\localhost\ShopSmartPhone.xml]
22-Nov-2023 12:17:32.581 INFO [main] org.apache.jasper.servlet.TldScanner.scanJars At least one JAR was scanned for TLDs yet contained no TLDs. Enable debug logging for this logger for a complete list of JARs that were scanned but no TLDs were found in them. Skipping unneeded JARs during scanning can improve startup time and JSP compilation time.
22-Nov-2023 12:17:32.708 WARNING [main] org.apache.catalina.util.SessionIdGeneratorBase.createSecureRandom Creation of SecureRandom instance for session ID generation using [SHA1PRNG] took [103] milliseconds.
22-Nov-2023 12:17:32.721 INFO [main] org.apache.catalina.startup.HostConfig.deployDescriptor Deployment of deployment descriptor [D:\PTIT51\HDT\DoanTotNghiep\shop\conf\Catalina\localhost\ShopSmartPhone.xml] has finished in [1,442] ms
22-Nov-2023 12:17:32.723 INFO [main] org.apache.coyote.AbstractProtocol.start Starting ProtocolHandler ["http-nio-8090"]
22-Nov-2023 12:17:32.736 INFO [main] org.apache.catalina.startup.Catalina.start Server startup in [1522] milliseconds
22-Nov-2023 13:49:14.663 INFO [Thread-2] org.apache.coyote.AbstractProtocol.pause Pausing ProtocolHandler ["http-nio-8090"]
22-Nov-2023 13:49:14.766 INFO [Thread-2] org.apache.catalina.core.StandardService.stopInternal Stopping service [Catalina]
22-Nov-2023 13:49:14.787 WARNING [Thread-2] org.apache.catalina.loader.WebappClassLoaderBase.clearReferencesJdbc The web application [ShopSmartPhone] registered the JDBC driver [com.microsoft.sqlserver.jdbc.SQLServerDriver] but failed to unregister it when the web application was stopped. To prevent a memory leak, the JDBC Driver has been forcibly unregistered.
22-Nov-2023 13:49:14.788 SEVERE [Thread-2] org.apache.catalina.loader.WebappClassLoaderBase.checkThreadLocalMapForLeaks The web application [ShopSmartPhone] created a ThreadLocal with key of type [com.microsoft.sqlserver.jdbc.ActivityCorrelator$1] (value [com.microsoft.sqlserver.jdbc.ActivityCorrelator$1@1fafb0bb]) and a value of type [com.microsoft.sqlserver.jdbc.ActivityId] (value [230e329a-2d07-4586-812e-67f24046622b-172]) but failed to remove it when the web application was stopped. Threads are going to be renewed over time to try and avoid a probable memory leak.
22-Nov-2023 13:49:14.788 SEVERE [Thread-2] org.apache.catalina.loader.WebappClassLoaderBase.checkThreadLocalMapForLeaks The web application [ShopSmartPhone] created a ThreadLocal with key of type [com.microsoft.sqlserver.jdbc.ActivityCorrelator$1] (value [com.microsoft.sqlserver.jdbc.ActivityCorrelator$1@1fafb0bb]) and a value of type [com.microsoft.sqlserver.jdbc.ActivityId] (value [c7835530-6ba9-4f76-a901-92c9a421fddf-253]) but failed to remove it when the web application was stopped. Threads are going to be renewed over time to try and avoid a probable memory leak.
22-Nov-2023 13:49:14.789 SEVERE [Thread-2] org.apache.catalina.loader.WebappClassLoaderBase.checkThreadLocalMapForLeaks The web application [ShopSmartPhone] created a ThreadLocal with key of type [com.microsoft.sqlserver.jdbc.ActivityCorrelator$1] (value [com.microsoft.sqlserver.jdbc.ActivityCorrelator$1@1fafb0bb]) and a value of type [com.microsoft.sqlserver.jdbc.ActivityId] (value [b07996f1-73d2-4613-8e25-1a1636abe7f8-78]) but failed to remove it when the web application was stopped. Threads are going to be renewed over time to try and avoid a probable memory leak.
22-Nov-2023 13:49:14.789 SEVERE [Thread-2] org.apache.catalina.loader.WebappClassLoaderBase.checkThreadLocalMapForLeaks The web application [ShopSmartPhone] created a ThreadLocal with key of type [com.microsoft.sqlserver.jdbc.ActivityCorrelator$1] (value [com.microsoft.sqlserver.jdbc.ActivityCorrelator$1@1fafb0bb]) and a value of type [com.microsoft.sqlserver.jdbc.ActivityId] (value [f16fb9c9-fbd9-45bd-8f15-c2a9db4bee36-97]) but failed to remove it when the web application was stopped. Threads are going to be renewed over time to try and avoid a probable memory leak.
22-Nov-2023 13:49:14.789 SEVERE [Thread-2] org.apache.catalina.loader.WebappClassLoaderBase.checkThreadLocalMapForLeaks The web application [ShopSmartPhone] created a ThreadLocal with key of type [com.microsoft.sqlserver.jdbc.ActivityCorrelator$1] (value [com.microsoft.sqlserver.jdbc.ActivityCorrelator$1@1fafb0bb]) and a value of type [com.microsoft.sqlserver.jdbc.ActivityId] (value [6acb4e66-281b-4872-becc-9fcc8e36f782-155]) but failed to remove it when the web application was stopped. Threads are going to be renewed over time to try and avoid a probable memory leak.
22-Nov-2023 13:49:14.789 SEVERE [Thread-2] org.apache.catalina.loader.WebappClassLoaderBase.checkThreadLocalMapForLeaks The web application [ShopSmartPhone] created a ThreadLocal with key of type [com.microsoft.sqlserver.jdbc.ActivityCorrelator$1] (value [com.microsoft.sqlserver.jdbc.ActivityCorrelator$1@1fafb0bb]) and a value of type [com.microsoft.sqlserver.jdbc.ActivityId] (value [1003500b-b7ed-4770-b526-02c60fec48f7-141]) but failed to remove it when the web application was stopped. Threads are going to be renewed over time to try and avoid a probable memory leak.
22-Nov-2023 13:49:14.789 SEVERE [Thread-2] org.apache.catalina.loader.WebappClassLoaderBase.checkThreadLocalMapForLeaks The web application [ShopSmartPhone] created a ThreadLocal with key of type [com.microsoft.sqlserver.jdbc.ActivityCorrelator$1] (value [com.microsoft.sqlserver.jdbc.ActivityCorrelator$1@1fafb0bb]) and a value of type [com.microsoft.sqlserver.jdbc.ActivityId] (value [b5ee2647-5641-41e8-93af-b9c10d04eb2c-139]) but failed to remove it when the web application was stopped. Threads are going to be renewed over time to try and avoid a probable memory leak.
22-Nov-2023 13:49:14.795 SEVERE [Thread-2] org.apache.catalina.loader.WebappClassLoaderBase.checkThreadLocalMapForLeaks The web application [ShopSmartPhone] created a ThreadLocal with key of type [com.microsoft.sqlserver.jdbc.ActivityCorrelator$1] (value [com.microsoft.sqlserver.jdbc.ActivityCorrelator$1@1fafb0bb]) and a value of type [com.microsoft.sqlserver.jdbc.ActivityId] (value [68d72fa7-b433-474c-a09b-6c107b4af360-74]) but failed to remove it when the web application was stopped. Threads are going to be renewed over time to try and avoid a probable memory leak.
22-Nov-2023 13:49:14.795 SEVERE [Thread-2] org.apache.catalina.loader.WebappClassLoaderBase.checkThreadLocalMapForLeaks The web application [ShopSmartPhone] created a ThreadLocal with key of type [com.microsoft.sqlserver.jdbc.ActivityCorrelator$1] (value [com.microsoft.sqlserver.jdbc.ActivityCorrelator$1@1fafb0bb]) and a value of type [com.microsoft.sqlserver.jdbc.ActivityId] (value [d603b296-ee20-4a9a-a226-d775f4084c33-392]) but failed to remove it when the web application was stopped. Threads are going to be renewed over time to try and avoid a probable memory leak.
22-Nov-2023 13:49:14.795 SEVERE [Thread-2] org.apache.catalina.loader.WebappClassLoaderBase.checkThreadLocalMapForLeaks The web application [ShopSmartPhone] created a ThreadLocal with key of type [com.microsoft.sqlserver.jdbc.ActivityCorrelator$1] (value [com.microsoft.sqlserver.jdbc.ActivityCorrelator$1@1fafb0bb]) and a value of type [com.microsoft.sqlserver.jdbc.ActivityId] (value [aa902d94-8460-40fc-8957-bdc72112fa82-372]) but failed to remove it when the web application was stopped. Threads are going to be renewed over time to try and avoid a probable memory leak.
22-Nov-2023 13:49:14.799 INFO [Thread-2] org.apache.coyote.AbstractProtocol.stop Stopping ProtocolHandler ["http-nio-8090"]
22-Nov-2023 13:49:14.813 INFO [Thread-2] org.apache.coyote.AbstractProtocol.destroy Destroying ProtocolHandler ["http-nio-8090"]
