27-Nov-2023 02:38:02.178 INFO [main] org.apache.catalina.startup.VersionLoggerListener.log Server version name:   Apache Tomcat/9.0.82
27-Nov-2023 02:38:02.180 INFO [main] org.apache.catalina.startup.VersionLoggerListener.log Server built:          Oct 11 2023 13:15:08 UTC
27-Nov-2023 02:38:02.181 INFO [main] org.apache.catalina.startup.VersionLoggerListener.log Server version number: 9.0.82.0
27-Nov-2023 02:38:02.181 INFO [main] org.apache.catalina.startup.VersionLoggerListener.log OS Name:               Windows 11
27-Nov-2023 02:38:02.181 INFO [main] org.apache.catalina.startup.VersionLoggerListener.log OS Version:            10.0
27-Nov-2023 02:38:02.181 INFO [main] org.apache.catalina.startup.VersionLoggerListener.log Architecture:          amd64
27-Nov-2023 02:38:02.181 INFO [main] org.apache.catalina.startup.VersionLoggerListener.log Java Home:             C:\Program Files\Java\jdk1.8.0_331\jre
27-Nov-2023 02:38:02.181 INFO [main] org.apache.catalina.startup.VersionLoggerListener.log JVM Version:           1.8.0_331-b09
27-Nov-2023 02:38:02.181 INFO [main] org.apache.catalina.startup.VersionLoggerListener.log JVM Vendor:            Oracle Corporation
27-Nov-2023 02:38:02.181 INFO [main] org.apache.catalina.startup.VersionLoggerListener.log CATALINA_BASE:         D:\PTIT51\HDT\DoanTotNghiep\shop
27-Nov-2023 02:38:02.181 INFO [main] org.apache.catalina.startup.VersionLoggerListener.log CATALINA_HOME:         D:\PTIT51\HDT\Tomcat\apache-tomcat-9.0.82\apache-tomcat-9.0.82
27-Nov-2023 02:38:02.185 INFO [main] org.apache.catalina.startup.VersionLoggerListener.log Command line argument: -Dcatalina.home=D:\PTIT51\HDT\Tomcat\apache-tomcat-9.0.82\apache-tomcat-9.0.82
27-Nov-2023 02:38:02.185 INFO [main] org.apache.catalina.startup.VersionLoggerListener.log Command line argument: -Dcatalina.base=D:\PTIT51\HDT\DoanTotNghiep\shop
27-Nov-2023 02:38:02.185 INFO [main] org.apache.catalina.startup.VersionLoggerListener.log Command line argument: -Djava.io.tmpdir=D:\PTIT51\HDT\DoanTotNghiep\shop\temp
27-Nov-2023 02:38:02.185 INFO [main] org.apache.catalina.startup.VersionLoggerListener.log Command line argument: -Djava.util.logging.config.file=D:\PTIT51\HDT\DoanTotNghiep\shop\conf\logging.properties
27-Nov-2023 02:38:02.185 INFO [main] org.apache.catalina.startup.VersionLoggerListener.log Command line argument: -Djava.util.logging.manager=org.apache.juli.ClassLoaderLogManager
27-Nov-2023 02:38:02.185 INFO [main] org.apache.catalina.startup.VersionLoggerListener.log Command line argument: -javaagent:C:\Program Files\JetBrains\IntelliJ IDEA 2023.2.5\lib\idea_rt.jar=50545:C:\Program Files\JetBrains\IntelliJ IDEA 2023.2.5\bin
27-Nov-2023 02:38:02.185 INFO [main] org.apache.catalina.startup.VersionLoggerListener.log Command line argument: -Dfile.encoding=UTF-8
27-Nov-2023 02:38:02.193 INFO [main] org.apache.catalina.core.AprLifecycleListener.lifecycleEvent The Apache Tomcat Native library which allows using OpenSSL was not found on the java.library.path: [C:\Program Files\Java\jdk1.8.0_331\bin;C:\WINDOWS\Sun\Java\bin;C:\WINDOWS\system32;C:\WINDOWS;C:\Program Files\Common Files\Oracle\Java\javapath;C:\Windows\system32;C:\Windows;C:\Windows\System32\Wbem;C:\Windows\System32\WindowsPowerShell\v1.0\;C:\Windows\System32\OpenSSH\;C:\Program Files (x86)\NVIDIA Corporation\PhysX\Common;C:\Program Files\NVIDIA Corporation\NVIDIA NvDLISR;C:\Program Files\dotnet\;C:\Program Files\Java\jdk-18.0.2.1\bin;C:\WINDOWS\system32;C:\WINDOWS;C:\WINDOWS\System32\Wbem;C:\WINDOWS\System32\WindowsPowerShell\v1.0\;C:\WINDOWS\System32\OpenSSH\;C:\Program Files\Git\cmd;C:\Program Files (x86)\Microsoft SQL Server\160\Tools\Binn\;C:\Program Files\Microsoft SQL Server\160\Tools\Binn\;C:\Program Files\Microsoft SQL Server\Client SDK\ODBC\170\Tools\Binn\;C:\Program Files\Microsoft SQL Server\160\DTS\Binn\;C:\Program Files\nodejs\;C:\Program Files\Microsoft SQL Server\150\Tools\Binn\;C:\Program Files\Docker\Docker\resources\bin;C:\Program Files\Azure Data Studio\bin;C:\Program Files (x86)\Microsoft SQL Server\160\DTS\Binn\;C:\Program Files\MySQL\MySQL Shell 8.0\bin\;C:\Users\ADMIN\AppData\Local\Microsoft\WindowsApps;C:\Users\ADMIN\AppData\Local\Programs\Microsoft VS Code\bin;C:\Users\ADMIN\AppData\Local\GitHubDesktop\bin;C:\Users\ADMIN\AppData\Roaming\npm;C:\Users\ADMIN\.dotnet\tools;C:\Program Files\Azure Data Studio\bin;C:\Program Files\JetBrains\IntelliJ IDEA 2023.2.5\bin;;.]
27-Nov-2023 02:38:02.564 INFO [main] org.apache.coyote.AbstractProtocol.init Initializing ProtocolHandler ["http-nio-8090"]
27-Nov-2023 02:38:02.582 INFO [main] org.apache.catalina.startup.Catalina.load Server initialization in [594] milliseconds
27-Nov-2023 02:38:02.621 INFO [main] org.apache.catalina.core.StandardService.startInternal Starting service [Catalina]
27-Nov-2023 02:38:02.622 INFO [main] org.apache.catalina.core.StandardEngine.startInternal Starting Servlet engine: [Apache Tomcat/9.0.82]
27-Nov-2023 02:38:02.629 INFO [main] org.apache.catalina.startup.HostConfig.deployDescriptor Deploying deployment descriptor [D:\PTIT51\HDT\DoanTotNghiep\shop\conf\Catalina\localhost\ShopSmartPhone.xml]
27-Nov-2023 02:38:04.244 INFO [main] org.apache.jasper.servlet.TldScanner.scanJars At least one JAR was scanned for TLDs yet contained no TLDs. Enable debug logging for this logger for a complete list of JARs that were scanned but no TLDs were found in them. Skipping unneeded JARs during scanning can improve startup time and JSP compilation time.
27-Nov-2023 02:38:04.378 WARNING [main] org.apache.catalina.util.SessionIdGeneratorBase.createSecureRandom Creation of SecureRandom instance for session ID generation using [SHA1PRNG] took [105] milliseconds.
27-Nov-2023 02:38:04.407 INFO [main] org.apache.catalina.startup.HostConfig.deployDescriptor Deployment of deployment descriptor [D:\PTIT51\HDT\DoanTotNghiep\shop\conf\Catalina\localhost\ShopSmartPhone.xml] has finished in [1,778] ms
27-Nov-2023 02:38:04.410 INFO [main] org.apache.coyote.AbstractProtocol.start Starting ProtocolHandler ["http-nio-8090"]
27-Nov-2023 02:38:04.423 INFO [main] org.apache.catalina.startup.Catalina.start Server startup in [1841] milliseconds
27-Nov-2023 05:13:56.912 INFO [Thread-2] org.apache.coyote.AbstractProtocol.pause Pausing ProtocolHandler ["http-nio-8090"]
27-Nov-2023 05:13:57.044 INFO [Thread-2] org.apache.catalina.core.StandardService.stopInternal Stopping service [Catalina]
27-Nov-2023 05:13:57.065 WARNING [Thread-2] org.apache.catalina.loader.WebappClassLoaderBase.clearReferencesJdbc The web application [ShopSmartPhone] registered the JDBC driver [com.microsoft.sqlserver.jdbc.SQLServerDriver] but failed to unregister it when the web application was stopped. To prevent a memory leak, the JDBC Driver has been forcibly unregistered.
27-Nov-2023 05:13:57.068 SEVERE [Thread-2] org.apache.catalina.loader.WebappClassLoaderBase.checkThreadLocalMapForLeaks The web application [ShopSmartPhone] created a ThreadLocal with key of type [com.microsoft.sqlserver.jdbc.ActivityCorrelator$1] (value [com.microsoft.sqlserver.jdbc.ActivityCorrelator$1@34b4e9e2]) and a value of type [com.microsoft.sqlserver.jdbc.ActivityId] (value [1a940ccc-7829-464b-a034-3ef62ec709dd-6]) but failed to remove it when the web application was stopped. Threads are going to be renewed over time to try and avoid a probable memory leak.
27-Nov-2023 05:13:57.068 SEVERE [Thread-2] org.apache.catalina.loader.WebappClassLoaderBase.checkThreadLocalMapForLeaks The web application [ShopSmartPhone] created a ThreadLocal with key of type [com.microsoft.sqlserver.jdbc.ActivityCorrelator$1] (value [com.microsoft.sqlserver.jdbc.ActivityCorrelator$1@34b4e9e2]) and a value of type [com.microsoft.sqlserver.jdbc.ActivityId] (value [caefba89-d1ed-455d-8c4f-2c25341886bb-129]) but failed to remove it when the web application was stopped. Threads are going to be renewed over time to try and avoid a probable memory leak.
27-Nov-2023 05:13:57.069 SEVERE [Thread-2] org.apache.catalina.loader.WebappClassLoaderBase.checkThreadLocalMapForLeaks The web application [ShopSmartPhone] created a ThreadLocal with key of type [com.microsoft.sqlserver.jdbc.ActivityCorrelator$1] (value [com.microsoft.sqlserver.jdbc.ActivityCorrelator$1@34b4e9e2]) and a value of type [com.microsoft.sqlserver.jdbc.ActivityId] (value [c631561f-df14-46b4-9ba4-72cfe7446d75-47]) but failed to remove it when the web application was stopped. Threads are going to be renewed over time to try and avoid a probable memory leak.
27-Nov-2023 05:13:57.070 SEVERE [Thread-2] org.apache.catalina.loader.WebappClassLoaderBase.checkThreadLocalMapForLeaks The web application [ShopSmartPhone] created a ThreadLocal with key of type [com.microsoft.sqlserver.jdbc.ActivityCorrelator$1] (value [com.microsoft.sqlserver.jdbc.ActivityCorrelator$1@34b4e9e2]) and a value of type [com.microsoft.sqlserver.jdbc.ActivityId] (value [3fe2b535-f129-4d2a-a498-e252c2f149d6-19]) but failed to remove it when the web application was stopped. Threads are going to be renewed over time to try and avoid a probable memory leak.
27-Nov-2023 05:13:57.070 SEVERE [Thread-2] org.apache.catalina.loader.WebappClassLoaderBase.checkThreadLocalMapForLeaks The web application [ShopSmartPhone] created a ThreadLocal with key of type [com.microsoft.sqlserver.jdbc.ActivityCorrelator$1] (value [com.microsoft.sqlserver.jdbc.ActivityCorrelator$1@34b4e9e2]) and a value of type [com.microsoft.sqlserver.jdbc.ActivityId] (value [4a93a39f-f604-4993-9aa1-3dacff6fab02-65]) but failed to remove it when the web application was stopped. Threads are going to be renewed over time to try and avoid a probable memory leak.
27-Nov-2023 05:13:57.071 SEVERE [Thread-2] org.apache.catalina.loader.WebappClassLoaderBase.checkThreadLocalMapForLeaks The web application [ShopSmartPhone] created a ThreadLocal with key of type [com.microsoft.sqlserver.jdbc.ActivityCorrelator$1] (value [com.microsoft.sqlserver.jdbc.ActivityCorrelator$1@34b4e9e2]) and a value of type [com.microsoft.sqlserver.jdbc.ActivityId] (value [cea6fd9f-5e25-43d3-b251-d0435a8e78ee-143]) but failed to remove it when the web application was stopped. Threads are going to be renewed over time to try and avoid a probable memory leak.
27-Nov-2023 05:13:57.072 SEVERE [Thread-2] org.apache.catalina.loader.WebappClassLoaderBase.checkThreadLocalMapForLeaks The web application [ShopSmartPhone] created a ThreadLocal with key of type [com.microsoft.sqlserver.jdbc.ActivityCorrelator$1] (value [com.microsoft.sqlserver.jdbc.ActivityCorrelator$1@34b4e9e2]) and a value of type [com.microsoft.sqlserver.jdbc.ActivityId] (value [0d2f24a7-fc50-4ebb-9668-ab376ae0ebb0-168]) but failed to remove it when the web application was stopped. Threads are going to be renewed over time to try and avoid a probable memory leak.
27-Nov-2023 05:13:57.072 SEVERE [Thread-2] org.apache.catalina.loader.WebappClassLoaderBase.checkThreadLocalMapForLeaks The web application [ShopSmartPhone] created a ThreadLocal with key of type [com.microsoft.sqlserver.jdbc.ActivityCorrelator$1] (value [com.microsoft.sqlserver.jdbc.ActivityCorrelator$1@34b4e9e2]) and a value of type [com.microsoft.sqlserver.jdbc.ActivityId] (value [f808670c-0d87-41f2-a552-c40d9d0cccb8-128]) but failed to remove it when the web application was stopped. Threads are going to be renewed over time to try and avoid a probable memory leak.
27-Nov-2023 05:13:57.072 SEVERE [Thread-2] org.apache.catalina.loader.WebappClassLoaderBase.checkThreadLocalMapForLeaks The web application [ShopSmartPhone] created a ThreadLocal with key of type [com.microsoft.sqlserver.jdbc.ActivityCorrelator$1] (value [com.microsoft.sqlserver.jdbc.ActivityCorrelator$1@34b4e9e2]) and a value of type [com.microsoft.sqlserver.jdbc.ActivityId] (value [8aa731e4-59ba-4ebe-b0bc-17a801339c5a-5]) but failed to remove it when the web application was stopped. Threads are going to be renewed over time to try and avoid a probable memory leak.
27-Nov-2023 05:13:57.086 SEVERE [Thread-2] org.apache.catalina.loader.WebappClassLoaderBase.checkThreadLocalMapForLeaks The web application [ShopSmartPhone] created a ThreadLocal with key of type [com.microsoft.sqlserver.jdbc.ActivityCorrelator$1] (value [com.microsoft.sqlserver.jdbc.ActivityCorrelator$1@34b4e9e2]) and a value of type [com.microsoft.sqlserver.jdbc.ActivityId] (value [c228574a-f0b4-4788-a1e3-96edd8b9de0a-47]) but failed to remove it when the web application was stopped. Threads are going to be renewed over time to try and avoid a probable memory leak.
27-Nov-2023 05:13:57.092 INFO [Thread-2] org.apache.coyote.AbstractProtocol.stop Stopping ProtocolHandler ["http-nio-8090"]
27-Nov-2023 05:13:57.121 INFO [Thread-2] org.apache.coyote.AbstractProtocol.destroy Destroying ProtocolHandler ["http-nio-8090"]
27-Nov-2023 16:18:27.388 INFO [main] org.apache.catalina.startup.VersionLoggerListener.log Server version name:   Apache Tomcat/9.0.82
27-Nov-2023 16:18:27.390 INFO [main] org.apache.catalina.startup.VersionLoggerListener.log Server built:          Oct 11 2023 13:15:08 UTC
27-Nov-2023 16:18:27.390 INFO [main] org.apache.catalina.startup.VersionLoggerListener.log Server version number: 9.0.82.0
27-Nov-2023 16:18:27.390 INFO [main] org.apache.catalina.startup.VersionLoggerListener.log OS Name:               Windows 11
27-Nov-2023 16:18:27.390 INFO [main] org.apache.catalina.startup.VersionLoggerListener.log OS Version:            10.0
27-Nov-2023 16:18:27.390 INFO [main] org.apache.catalina.startup.VersionLoggerListener.log Architecture:          amd64
27-Nov-2023 16:18:27.390 INFO [main] org.apache.catalina.startup.VersionLoggerListener.log Java Home:             C:\Program Files\Java\jdk1.8.0_331\jre
27-Nov-2023 16:18:27.390 INFO [main] org.apache.catalina.startup.VersionLoggerListener.log JVM Version:           1.8.0_331-b09
27-Nov-2023 16:18:27.390 INFO [main] org.apache.catalina.startup.VersionLoggerListener.log JVM Vendor:            Oracle Corporation
27-Nov-2023 16:18:27.390 INFO [main] org.apache.catalina.startup.VersionLoggerListener.log CATALINA_BASE:         D:\PTIT51\HDT\DoanTotNghiep\shop
27-Nov-2023 16:18:27.390 INFO [main] org.apache.catalina.startup.VersionLoggerListener.log CATALINA_HOME:         D:\PTIT51\HDT\Tomcat\apache-tomcat-9.0.82\apache-tomcat-9.0.82
27-Nov-2023 16:18:27.393 INFO [main] org.apache.catalina.startup.VersionLoggerListener.log Command line argument: -Dcatalina.home=D:\PTIT51\HDT\Tomcat\apache-tomcat-9.0.82\apache-tomcat-9.0.82
27-Nov-2023 16:18:27.393 INFO [main] org.apache.catalina.startup.VersionLoggerListener.log Command line argument: -Dcatalina.base=D:\PTIT51\HDT\DoanTotNghiep\shop
27-Nov-2023 16:18:27.393 INFO [main] org.apache.catalina.startup.VersionLoggerListener.log Command line argument: -Djava.io.tmpdir=D:\PTIT51\HDT\DoanTotNghiep\shop\temp
27-Nov-2023 16:18:27.393 INFO [main] org.apache.catalina.startup.VersionLoggerListener.log Command line argument: -Djava.util.logging.config.file=D:\PTIT51\HDT\DoanTotNghiep\shop\conf\logging.properties
27-Nov-2023 16:18:27.393 INFO [main] org.apache.catalina.startup.VersionLoggerListener.log Command line argument: -Djava.util.logging.manager=org.apache.juli.ClassLoaderLogManager
27-Nov-2023 16:18:27.393 INFO [main] org.apache.catalina.startup.VersionLoggerListener.log Command line argument: -javaagent:C:\Program Files\JetBrains\IntelliJ IDEA 2023.2.5\lib\idea_rt.jar=53242:C:\Program Files\JetBrains\IntelliJ IDEA 2023.2.5\bin
27-Nov-2023 16:18:27.393 INFO [main] org.apache.catalina.startup.VersionLoggerListener.log Command line argument: -Dfile.encoding=UTF-8
27-Nov-2023 16:18:27.399 INFO [main] org.apache.catalina.core.AprLifecycleListener.lifecycleEvent The Apache Tomcat Native library which allows using OpenSSL was not found on the java.library.path: [C:\Program Files\Java\jdk1.8.0_331\bin;C:\WINDOWS\Sun\Java\bin;C:\WINDOWS\system32;C:\WINDOWS;C:\Program Files\Common Files\Oracle\Java\javapath;C:\Windows\system32;C:\Windows;C:\Windows\System32\Wbem;C:\Windows\System32\WindowsPowerShell\v1.0\;C:\Windows\System32\OpenSSH\;C:\Program Files (x86)\NVIDIA Corporation\PhysX\Common;C:\Program Files\NVIDIA Corporation\NVIDIA NvDLISR;C:\Program Files\dotnet\;C:\Program Files\Java\jdk-18.0.2.1\bin;C:\WINDOWS\system32;C:\WINDOWS;C:\WINDOWS\System32\Wbem;C:\WINDOWS\System32\WindowsPowerShell\v1.0\;C:\WINDOWS\System32\OpenSSH\;C:\Program Files\Git\cmd;C:\Program Files (x86)\Microsoft SQL Server\160\Tools\Binn\;C:\Program Files\Microsoft SQL Server\160\Tools\Binn\;C:\Program Files\Microsoft SQL Server\Client SDK\ODBC\170\Tools\Binn\;C:\Program Files\Microsoft SQL Server\160\DTS\Binn\;C:\Program Files\nodejs\;C:\Program Files\Microsoft SQL Server\150\Tools\Binn\;C:\Program Files\Docker\Docker\resources\bin;C:\Program Files\Azure Data Studio\bin;C:\Program Files (x86)\Microsoft SQL Server\160\DTS\Binn\;C:\Program Files\MySQL\MySQL Shell 8.0\bin\;C:\Users\ADMIN\AppData\Local\Microsoft\WindowsApps;C:\Users\ADMIN\AppData\Local\Programs\Microsoft VS Code\bin;C:\Users\ADMIN\AppData\Local\GitHubDesktop\bin;C:\Users\ADMIN\AppData\Roaming\npm;C:\Users\ADMIN\.dotnet\tools;C:\Program Files\Azure Data Studio\bin;C:\Program Files\JetBrains\IntelliJ IDEA 2023.2.5\bin;;.]
27-Nov-2023 16:18:27.719 INFO [main] org.apache.coyote.AbstractProtocol.init Initializing ProtocolHandler ["http-nio-8090"]
27-Nov-2023 16:18:27.732 INFO [main] org.apache.catalina.startup.Catalina.load Server initialization in [501] milliseconds
27-Nov-2023 16:18:27.762 INFO [main] org.apache.catalina.core.StandardService.startInternal Starting service [Catalina]
27-Nov-2023 16:18:27.762 INFO [main] org.apache.catalina.core.StandardEngine.startInternal Starting Servlet engine: [Apache Tomcat/9.0.82]
27-Nov-2023 16:18:27.770 INFO [main] org.apache.catalina.startup.HostConfig.deployDescriptor Deploying deployment descriptor [D:\PTIT51\HDT\DoanTotNghiep\shop\conf\Catalina\localhost\ShopSmartPhone.xml]
27-Nov-2023 16:18:29.137 INFO [main] org.apache.jasper.servlet.TldScanner.scanJars At least one JAR was scanned for TLDs yet contained no TLDs. Enable debug logging for this logger for a complete list of JARs that were scanned but no TLDs were found in them. Skipping unneeded JARs during scanning can improve startup time and JSP compilation time.
27-Nov-2023 16:18:29.260 WARNING [main] org.apache.catalina.util.SessionIdGeneratorBase.createSecureRandom Creation of SecureRandom instance for session ID generation using [SHA1PRNG] took [102] milliseconds.
27-Nov-2023 16:18:29.275 INFO [main] org.apache.catalina.startup.HostConfig.deployDescriptor Deployment of deployment descriptor [D:\PTIT51\HDT\DoanTotNghiep\shop\conf\Catalina\localhost\ShopSmartPhone.xml] has finished in [1,505] ms
27-Nov-2023 16:18:29.278 INFO [main] org.apache.coyote.AbstractProtocol.start Starting ProtocolHandler ["http-nio-8090"]
27-Nov-2023 16:18:29.288 INFO [main] org.apache.catalina.startup.Catalina.start Server startup in [1556] milliseconds
27-Nov-2023 17:47:31.421 INFO [Thread-2] org.apache.coyote.AbstractProtocol.pause Pausing ProtocolHandler ["http-nio-8090"]
27-Nov-2023 17:47:31.522 INFO [Thread-2] org.apache.catalina.core.StandardService.stopInternal Stopping service [Catalina]
27-Nov-2023 17:47:31.529 WARNING [Thread-2] org.apache.catalina.loader.WebappClassLoaderBase.clearReferencesJdbc The web application [ShopSmartPhone] registered the JDBC driver [com.microsoft.sqlserver.jdbc.SQLServerDriver] but failed to unregister it when the web application was stopped. To prevent a memory leak, the JDBC Driver has been forcibly unregistered.
27-Nov-2023 17:47:31.531 SEVERE [Thread-2] org.apache.catalina.loader.WebappClassLoaderBase.checkThreadLocalMapForLeaks The web application [ShopSmartPhone] created a ThreadLocal with key of type [com.microsoft.sqlserver.jdbc.ActivityCorrelator$1] (value [com.microsoft.sqlserver.jdbc.ActivityCorrelator$1@b929bdf]) and a value of type [com.microsoft.sqlserver.jdbc.ActivityId] (value [fc9aba98-9ea5-4f18-a665-afa476b985c2-125]) but failed to remove it when the web application was stopped. Threads are going to be renewed over time to try and avoid a probable memory leak.
27-Nov-2023 17:47:31.532 SEVERE [Thread-2] org.apache.catalina.loader.WebappClassLoaderBase.checkThreadLocalMapForLeaks The web application [ShopSmartPhone] created a ThreadLocal with key of type [com.microsoft.sqlserver.jdbc.ActivityCorrelator$1] (value [com.microsoft.sqlserver.jdbc.ActivityCorrelator$1@b929bdf]) and a value of type [com.microsoft.sqlserver.jdbc.ActivityId] (value [2bb9c99c-6c4b-49e4-999f-fb41214400f1-1]) but failed to remove it when the web application was stopped. Threads are going to be renewed over time to try and avoid a probable memory leak.
27-Nov-2023 17:47:31.532 SEVERE [Thread-2] org.apache.catalina.loader.WebappClassLoaderBase.checkThreadLocalMapForLeaks The web application [ShopSmartPhone] created a ThreadLocal with key of type [com.microsoft.sqlserver.jdbc.ActivityCorrelator$1] (value [com.microsoft.sqlserver.jdbc.ActivityCorrelator$1@b929bdf]) and a value of type [com.microsoft.sqlserver.jdbc.ActivityId] (value [70a522e9-96c0-4b69-beab-7fab30d2e5aa-11]) but failed to remove it when the web application was stopped. Threads are going to be renewed over time to try and avoid a probable memory leak.
27-Nov-2023 17:47:31.532 SEVERE [Thread-2] org.apache.catalina.loader.WebappClassLoaderBase.checkThreadLocalMapForLeaks The web application [ShopSmartPhone] created a ThreadLocal with key of type [com.microsoft.sqlserver.jdbc.ActivityCorrelator$1] (value [com.microsoft.sqlserver.jdbc.ActivityCorrelator$1@b929bdf]) and a value of type [com.microsoft.sqlserver.jdbc.ActivityId] (value [7e72b984-fd04-43a3-9326-6018039a11dc-3]) but failed to remove it when the web application was stopped. Threads are going to be renewed over time to try and avoid a probable memory leak.
27-Nov-2023 17:47:31.532 SEVERE [Thread-2] org.apache.catalina.loader.WebappClassLoaderBase.checkThreadLocalMapForLeaks The web application [ShopSmartPhone] created a ThreadLocal with key of type [com.microsoft.sqlserver.jdbc.ActivityCorrelator$1] (value [com.microsoft.sqlserver.jdbc.ActivityCorrelator$1@b929bdf]) and a value of type [com.microsoft.sqlserver.jdbc.ActivityId] (value [f621ca53-a9b2-4c64-a8e0-013dc242c831-133]) but failed to remove it when the web application was stopped. Threads are going to be renewed over time to try and avoid a probable memory leak.
27-Nov-2023 17:47:31.533 SEVERE [Thread-2] org.apache.catalina.loader.WebappClassLoaderBase.checkThreadLocalMapForLeaks The web application [ShopSmartPhone] created a ThreadLocal with key of type [com.microsoft.sqlserver.jdbc.ActivityCorrelator$1] (value [com.microsoft.sqlserver.jdbc.ActivityCorrelator$1@b929bdf]) and a value of type [com.microsoft.sqlserver.jdbc.ActivityId] (value [7159605c-44b5-4956-96a1-d4132dcee145-5]) but failed to remove it when the web application was stopped. Threads are going to be renewed over time to try and avoid a probable memory leak.
27-Nov-2023 17:47:31.533 SEVERE [Thread-2] org.apache.catalina.loader.WebappClassLoaderBase.checkThreadLocalMapForLeaks The web application [ShopSmartPhone] created a ThreadLocal with key of type [com.microsoft.sqlserver.jdbc.ActivityCorrelator$1] (value [com.microsoft.sqlserver.jdbc.ActivityCorrelator$1@b929bdf]) and a value of type [com.microsoft.sqlserver.jdbc.ActivityId] (value [c18811cc-7bd5-4098-b69c-f23d51b1a09e-10]) but failed to remove it when the web application was stopped. Threads are going to be renewed over time to try and avoid a probable memory leak.
27-Nov-2023 17:47:31.539 SEVERE [Thread-2] org.apache.catalina.loader.WebappClassLoaderBase.checkThreadLocalMapForLeaks The web application [ShopSmartPhone] created a ThreadLocal with key of type [com.microsoft.sqlserver.jdbc.ActivityCorrelator$1] (value [com.microsoft.sqlserver.jdbc.ActivityCorrelator$1@b929bdf]) and a value of type [com.microsoft.sqlserver.jdbc.ActivityId] (value [f5e0749a-400d-4a37-8960-164034d4df2e-4]) but failed to remove it when the web application was stopped. Threads are going to be renewed over time to try and avoid a probable memory leak.
27-Nov-2023 17:47:31.539 SEVERE [Thread-2] org.apache.catalina.loader.WebappClassLoaderBase.checkThreadLocalMapForLeaks The web application [ShopSmartPhone] created a ThreadLocal with key of type [com.microsoft.sqlserver.jdbc.ActivityCorrelator$1] (value [com.microsoft.sqlserver.jdbc.ActivityCorrelator$1@b929bdf]) and a value of type [com.microsoft.sqlserver.jdbc.ActivityId] (value [edd7f8c6-ac35-4390-acf3-011d5ccb8058-13]) but failed to remove it when the web application was stopped. Threads are going to be renewed over time to try and avoid a probable memory leak.
27-Nov-2023 17:47:31.539 SEVERE [Thread-2] org.apache.catalina.loader.WebappClassLoaderBase.checkThreadLocalMapForLeaks The web application [ShopSmartPhone] created a ThreadLocal with key of type [com.microsoft.sqlserver.jdbc.ActivityCorrelator$1] (value [com.microsoft.sqlserver.jdbc.ActivityCorrelator$1@b929bdf]) and a value of type [com.microsoft.sqlserver.jdbc.ActivityId] (value [8cfc109f-b138-465c-94b7-f44e04090da7-10]) but failed to remove it when the web application was stopped. Threads are going to be renewed over time to try and avoid a probable memory leak.
27-Nov-2023 17:47:31.545 INFO [Thread-2] org.apache.coyote.AbstractProtocol.stop Stopping ProtocolHandler ["http-nio-8090"]
27-Nov-2023 17:47:31.559 INFO [Thread-2] org.apache.coyote.AbstractProtocol.destroy Destroying ProtocolHandler ["http-nio-8090"]
27-Nov-2023 21:06:06.470 INFO [main] org.apache.catalina.startup.VersionLoggerListener.log Server version name:   Apache Tomcat/9.0.82
27-Nov-2023 21:06:06.472 INFO [main] org.apache.catalina.startup.VersionLoggerListener.log Server built:          Oct 11 2023 13:15:08 UTC
27-Nov-2023 21:06:06.472 INFO [main] org.apache.catalina.startup.VersionLoggerListener.log Server version number: 9.0.82.0
27-Nov-2023 21:06:06.472 INFO [main] org.apache.catalina.startup.VersionLoggerListener.log OS Name:               Windows 11
27-Nov-2023 21:06:06.472 INFO [main] org.apache.catalina.startup.VersionLoggerListener.log OS Version:            10.0
27-Nov-2023 21:06:06.472 INFO [main] org.apache.catalina.startup.VersionLoggerListener.log Architecture:          amd64
27-Nov-2023 21:06:06.472 INFO [main] org.apache.catalina.startup.VersionLoggerListener.log Java Home:             C:\Program Files\Java\jdk1.8.0_331\jre
27-Nov-2023 21:06:06.472 INFO [main] org.apache.catalina.startup.VersionLoggerListener.log JVM Version:           1.8.0_331-b09
27-Nov-2023 21:06:06.472 INFO [main] org.apache.catalina.startup.VersionLoggerListener.log JVM Vendor:            Oracle Corporation
27-Nov-2023 21:06:06.472 INFO [main] org.apache.catalina.startup.VersionLoggerListener.log CATALINA_BASE:         D:\PTIT51\HDT\DoanTotNghiep\shop
27-Nov-2023 21:06:06.472 INFO [main] org.apache.catalina.startup.VersionLoggerListener.log CATALINA_HOME:         D:\PTIT51\HDT\Tomcat\apache-tomcat-9.0.82\apache-tomcat-9.0.82
27-Nov-2023 21:06:06.475 INFO [main] org.apache.catalina.startup.VersionLoggerListener.log Command line argument: -Dcatalina.home=D:\PTIT51\HDT\Tomcat\apache-tomcat-9.0.82\apache-tomcat-9.0.82
27-Nov-2023 21:06:06.475 INFO [main] org.apache.catalina.startup.VersionLoggerListener.log Command line argument: -Dcatalina.base=D:\PTIT51\HDT\DoanTotNghiep\shop
27-Nov-2023 21:06:06.475 INFO [main] org.apache.catalina.startup.VersionLoggerListener.log Command line argument: -Djava.io.tmpdir=D:\PTIT51\HDT\DoanTotNghiep\shop\temp
27-Nov-2023 21:06:06.475 INFO [main] org.apache.catalina.startup.VersionLoggerListener.log Command line argument: -Djava.util.logging.config.file=D:\PTIT51\HDT\DoanTotNghiep\shop\conf\logging.properties
27-Nov-2023 21:06:06.475 INFO [main] org.apache.catalina.startup.VersionLoggerListener.log Command line argument: -Djava.util.logging.manager=org.apache.juli.ClassLoaderLogManager
27-Nov-2023 21:06:06.475 INFO [main] org.apache.catalina.startup.VersionLoggerListener.log Command line argument: -javaagent:C:\Program Files\JetBrains\IntelliJ IDEA 2023.2.5\lib\idea_rt.jar=56489:C:\Program Files\JetBrains\IntelliJ IDEA 2023.2.5\bin
27-Nov-2023 21:06:06.475 INFO [main] org.apache.catalina.startup.VersionLoggerListener.log Command line argument: -Dfile.encoding=UTF-8
27-Nov-2023 21:06:06.481 INFO [main] org.apache.catalina.core.AprLifecycleListener.lifecycleEvent The Apache Tomcat Native library which allows using OpenSSL was not found on the java.library.path: [C:\Program Files\Java\jdk1.8.0_331\bin;C:\WINDOWS\Sun\Java\bin;C:\WINDOWS\system32;C:\WINDOWS;C:\Program Files\Common Files\Oracle\Java\javapath;C:\Windows\system32;C:\Windows;C:\Windows\System32\Wbem;C:\Windows\System32\WindowsPowerShell\v1.0\;C:\Windows\System32\OpenSSH\;C:\Program Files (x86)\NVIDIA Corporation\PhysX\Common;C:\Program Files\NVIDIA Corporation\NVIDIA NvDLISR;C:\Program Files\dotnet\;C:\Program Files\Java\jdk-18.0.2.1\bin;C:\WINDOWS\system32;C:\WINDOWS;C:\WINDOWS\System32\Wbem;C:\WINDOWS\System32\WindowsPowerShell\v1.0\;C:\WINDOWS\System32\OpenSSH\;C:\Program Files\Git\cmd;C:\Program Files (x86)\Microsoft SQL Server\160\Tools\Binn\;C:\Program Files\Microsoft SQL Server\160\Tools\Binn\;C:\Program Files\Microsoft SQL Server\Client SDK\ODBC\170\Tools\Binn\;C:\Program Files\Microsoft SQL Server\160\DTS\Binn\;C:\Program Files\nodejs\;C:\Program Files\Microsoft SQL Server\150\Tools\Binn\;C:\Program Files\Docker\Docker\resources\bin;C:\Program Files\Azure Data Studio\bin;C:\Program Files (x86)\Microsoft SQL Server\160\DTS\Binn\;C:\Program Files\MySQL\MySQL Shell 8.0\bin\;C:\Users\ADMIN\AppData\Local\Microsoft\WindowsApps;C:\Users\ADMIN\AppData\Local\Programs\Microsoft VS Code\bin;C:\Users\ADMIN\AppData\Local\GitHubDesktop\bin;C:\Users\ADMIN\AppData\Roaming\npm;C:\Users\ADMIN\.dotnet\tools;C:\Program Files\Azure Data Studio\bin;C:\Program Files\JetBrains\IntelliJ IDEA 2023.2.5\bin;;.]
27-Nov-2023 21:06:06.813 INFO [main] org.apache.coyote.AbstractProtocol.init Initializing ProtocolHandler ["http-nio-8090"]
27-Nov-2023 21:06:06.828 INFO [main] org.apache.catalina.startup.Catalina.load Server initialization in [513] milliseconds
27-Nov-2023 21:06:06.862 INFO [main] org.apache.catalina.core.StandardService.startInternal Starting service [Catalina]
27-Nov-2023 21:06:06.862 INFO [main] org.apache.catalina.core.StandardEngine.startInternal Starting Servlet engine: [Apache Tomcat/9.0.82]
27-Nov-2023 21:06:06.870 INFO [main] org.apache.catalina.startup.HostConfig.deployDescriptor Deploying deployment descriptor [D:\PTIT51\HDT\DoanTotNghiep\shop\conf\Catalina\localhost\ShopSmartPhone.xml]
27-Nov-2023 21:06:08.355 INFO [main] org.apache.jasper.servlet.TldScanner.scanJars At least one JAR was scanned for TLDs yet contained no TLDs. Enable debug logging for this logger for a complete list of JARs that were scanned but no TLDs were found in them. Skipping unneeded JARs during scanning can improve startup time and JSP compilation time.
27-Nov-2023 21:06:08.481 WARNING [main] org.apache.catalina.util.SessionIdGeneratorBase.createSecureRandom Creation of SecureRandom instance for session ID generation using [SHA1PRNG] took [102] milliseconds.
27-Nov-2023 21:06:08.497 INFO [main] org.apache.catalina.startup.HostConfig.deployDescriptor Deployment of deployment descriptor [D:\PTIT51\HDT\DoanTotNghiep\shop\conf\Catalina\localhost\ShopSmartPhone.xml] has finished in [1,628] ms
27-Nov-2023 21:06:08.500 INFO [main] org.apache.coyote.AbstractProtocol.start Starting ProtocolHandler ["http-nio-8090"]
27-Nov-2023 21:06:08.510 INFO [main] org.apache.catalina.startup.Catalina.start Server startup in [1682] milliseconds
27-Nov-2023 22:14:32.781 INFO [Thread-2] org.apache.coyote.AbstractProtocol.pause Pausing ProtocolHandler ["http-nio-8090"]
27-Nov-2023 22:14:32.891 INFO [Thread-2] org.apache.catalina.core.StandardService.stopInternal Stopping service [Catalina]
27-Nov-2023 22:14:32.906 WARNING [Thread-2] org.apache.catalina.loader.WebappClassLoaderBase.clearReferencesJdbc The web application [ShopSmartPhone] registered the JDBC driver [com.microsoft.sqlserver.jdbc.SQLServerDriver] but failed to unregister it when the web application was stopped. To prevent a memory leak, the JDBC Driver has been forcibly unregistered.
27-Nov-2023 22:14:32.908 SEVERE [Thread-2] org.apache.catalina.loader.WebappClassLoaderBase.checkThreadLocalMapForLeaks The web application [ShopSmartPhone] created a ThreadLocal with key of type [com.microsoft.sqlserver.jdbc.ActivityCorrelator$1] (value [com.microsoft.sqlserver.jdbc.ActivityCorrelator$1@10b2563f]) and a value of type [com.microsoft.sqlserver.jdbc.ActivityId] (value [9cecb3f1-3aed-4b34-96ce-2539c26cdeb2-14]) but failed to remove it when the web application was stopped. Threads are going to be renewed over time to try and avoid a probable memory leak.
27-Nov-2023 22:14:32.909 SEVERE [Thread-2] org.apache.catalina.loader.WebappClassLoaderBase.checkThreadLocalMapForLeaks The web application [ShopSmartPhone] created a ThreadLocal with key of type [com.microsoft.sqlserver.jdbc.ActivityCorrelator$1] (value [com.microsoft.sqlserver.jdbc.ActivityCorrelator$1@10b2563f]) and a value of type [com.microsoft.sqlserver.jdbc.ActivityId] (value [69f4e174-3796-4f7f-a3a6-692e3a387908-123]) but failed to remove it when the web application was stopped. Threads are going to be renewed over time to try and avoid a probable memory leak.
27-Nov-2023 22:14:32.909 SEVERE [Thread-2] org.apache.catalina.loader.WebappClassLoaderBase.checkThreadLocalMapForLeaks The web application [ShopSmartPhone] created a ThreadLocal with key of type [com.microsoft.sqlserver.jdbc.ActivityCorrelator$1] (value [com.microsoft.sqlserver.jdbc.ActivityCorrelator$1@10b2563f]) and a value of type [com.microsoft.sqlserver.jdbc.ActivityId] (value [0d3a3af7-2bda-40dd-9162-60455a76962d-149]) but failed to remove it when the web application was stopped. Threads are going to be renewed over time to try and avoid a probable memory leak.
27-Nov-2023 22:14:32.909 SEVERE [Thread-2] org.apache.catalina.loader.WebappClassLoaderBase.checkThreadLocalMapForLeaks The web application [ShopSmartPhone] created a ThreadLocal with key of type [com.microsoft.sqlserver.jdbc.ActivityCorrelator$1] (value [com.microsoft.sqlserver.jdbc.ActivityCorrelator$1@10b2563f]) and a value of type [com.microsoft.sqlserver.jdbc.ActivityId] (value [419b5c8d-ac28-4517-a505-941f36c899af-24]) but failed to remove it when the web application was stopped. Threads are going to be renewed over time to try and avoid a probable memory leak.
27-Nov-2023 22:14:32.909 SEVERE [Thread-2] org.apache.catalina.loader.WebappClassLoaderBase.checkThreadLocalMapForLeaks The web application [ShopSmartPhone] created a ThreadLocal with key of type [com.microsoft.sqlserver.jdbc.ActivityCorrelator$1] (value [com.microsoft.sqlserver.jdbc.ActivityCorrelator$1@10b2563f]) and a value of type [com.microsoft.sqlserver.jdbc.ActivityId] (value [05fc5407-2ea5-4e20-a305-12d1969d812f-14]) but failed to remove it when the web application was stopped. Threads are going to be renewed over time to try and avoid a probable memory leak.
27-Nov-2023 22:14:32.909 SEVERE [Thread-2] org.apache.catalina.loader.WebappClassLoaderBase.checkThreadLocalMapForLeaks The web application [ShopSmartPhone] created a ThreadLocal with key of type [com.microsoft.sqlserver.jdbc.ActivityCorrelator$1] (value [com.microsoft.sqlserver.jdbc.ActivityCorrelator$1@10b2563f]) and a value of type [com.microsoft.sqlserver.jdbc.ActivityId] (value [8e45dd71-aca6-4f50-9a7f-cd391ecd7574-91]) but failed to remove it when the web application was stopped. Threads are going to be renewed over time to try and avoid a probable memory leak.
27-Nov-2023 22:14:32.910 SEVERE [Thread-2] org.apache.catalina.loader.WebappClassLoaderBase.checkThreadLocalMapForLeaks The web application [ShopSmartPhone] created a ThreadLocal with key of type [com.microsoft.sqlserver.jdbc.ActivityCorrelator$1] (value [com.microsoft.sqlserver.jdbc.ActivityCorrelator$1@10b2563f]) and a value of type [com.microsoft.sqlserver.jdbc.ActivityId] (value [2cba6771-9a2d-43fb-aea7-bf1919e1d6ef-65]) but failed to remove it when the web application was stopped. Threads are going to be renewed over time to try and avoid a probable memory leak.
27-Nov-2023 22:14:32.910 SEVERE [Thread-2] org.apache.catalina.loader.WebappClassLoaderBase.checkThreadLocalMapForLeaks The web application [ShopSmartPhone] created a ThreadLocal with key of type [com.microsoft.sqlserver.jdbc.ActivityCorrelator$1] (value [com.microsoft.sqlserver.jdbc.ActivityCorrelator$1@10b2563f]) and a value of type [com.microsoft.sqlserver.jdbc.ActivityId] (value [8165a279-a0bc-4de1-b3c1-ed6c22e6b34f-47]) but failed to remove it when the web application was stopped. Threads are going to be renewed over time to try and avoid a probable memory leak.
27-Nov-2023 22:14:32.913 SEVERE [Thread-2] org.apache.catalina.loader.WebappClassLoaderBase.checkThreadLocalMapForLeaks The web application [ShopSmartPhone] created a ThreadLocal with key of type [com.microsoft.sqlserver.jdbc.ActivityCorrelator$1] (value [com.microsoft.sqlserver.jdbc.ActivityCorrelator$1@10b2563f]) and a value of type [com.microsoft.sqlserver.jdbc.ActivityId] (value [62880dae-295f-4039-874d-0e36ae9d07cc-61]) but failed to remove it when the web application was stopped. Threads are going to be renewed over time to try and avoid a probable memory leak.
27-Nov-2023 22:14:32.913 SEVERE [Thread-2] org.apache.catalina.loader.WebappClassLoaderBase.checkThreadLocalMapForLeaks The web application [ShopSmartPhone] created a ThreadLocal with key of type [com.microsoft.sqlserver.jdbc.ActivityCorrelator$1] (value [com.microsoft.sqlserver.jdbc.ActivityCorrelator$1@10b2563f]) and a value of type [com.microsoft.sqlserver.jdbc.ActivityId] (value [3eaa28c8-39c4-455f-b94b-a803d1c16bf8-200]) but failed to remove it when the web application was stopped. Threads are going to be renewed over time to try and avoid a probable memory leak.
27-Nov-2023 22:14:32.918 INFO [Thread-2] org.apache.coyote.AbstractProtocol.stop Stopping ProtocolHandler ["http-nio-8090"]
27-Nov-2023 22:14:32.938 INFO [Thread-2] org.apache.coyote.AbstractProtocol.destroy Destroying ProtocolHandler ["http-nio-8090"]
